<?xml version="1.0" encoding="UTF-8"?>
<!-- Generated by org.testng.reporters.JUnitReportReporter -->
<testsuite hostname="YCSLAP0537" failures="0" tests="1" name="rest.assured.day3.Cookies" time="1.383" errors="0" timestamp="2024-10-21T16:52:14 IST" skipped="0">
  <testcase classname="rest.assured.day3.Cookies" name="getCookiesInfo" time="1.383"/>
</testsuite> <!-- rest.assured.day3.Cookies -->
