<?xml version="1.0" encoding="UTF-8"?>
<!-- Generated by org.testng.reporters.JUnitReportReporter -->
<testsuite hostname="YCSLAP0537" failures="0" tests="2" name="rest.assured.day2.DifferentWaysToCreatePostReqBody" time="1.947" errors="0" timestamp="2024-10-15T17:25:17 IST" skipped="0">
  <testcase classname="rest.assured.day2.DifferentWaysToCreatePostReqBody" name="testPostUsingPOJO" time="0.311"/>
  <testcase classname="rest.assured.day2.DifferentWaysToCreatePostReqBody" name="testPostUsingExternalDataFile" time="1.636"/>
</testsuite> <!-- rest.assured.day2.DifferentWaysToCreatePostReqBody -->
