<?xml version="1.0" encoding="UTF-8"?>
<!-- Generated by org.testng.reporters.JUnitReportReporter -->
<testsuite hostname="YCSLAP0537" failures="0" tests="1" name="rest.assured.day3.TestLogs" time="1.466" errors="0" timestamp="2024-10-21T17:12:31 IST" skipped="0">
  <testcase classname="rest.assured.day3.TestLogs" name="testLogs" time="1.466"/>
</testsuite> <!-- rest.assured.day3.TestLogs -->
