<?xml version="1.0" encoding="UTF-8"?>
<!-- Generated by org.testng.reporters.JUnitReportReporter -->
<testsuite hostname="YCSLAP0537" failures="0" tests="4" name="com.api.testing.HttpMethods" time="3.033" errors="0" timestamp="2024-10-14T16:29:20 IST" skipped="0">
  <testcase classname="com.api.testing.HttpMethods" name="getUsers" time="1.223"/>
  <testcase classname="com.api.testing.HttpMethods" name="createUser" time="1.047"/>
  <testcase classname="com.api.testing.HttpMethods" name="updateUser" time="0.393"/>
  <testcase classname="com.api.testing.HttpMethods" name="deleteUser" time="0.370"/>
</testsuite> <!-- com.api.testing.HttpMethods -->
