<?xml version="1.0" encoding="UTF-8"?>
<!-- Generated by org.testng.reporters.JUnitReportReporter -->
<testsuite hostname="YCSLAP0537" failures="0" tests="1" name="rest.assured.day4.ParsingJsonResponseData" time="1.219" errors="0" timestamp="2024-10-23T11:19:01 IST" skipped="0">
  <testcase classname="rest.assured.day4.ParsingJsonResponseData" name="testJsonResponseBodyData" time="1.219"/>
</testsuite> <!-- rest.assured.day4.ParsingJsonResponseData -->
