<?xml version="1.0" encoding="UTF-8"?>
<!-- Generated by org.testng.reporters.JUnitReportReporter -->
<testsuite hostname="YCSLAP0537" failures="0" tests="1" name="rest.assured.day3.PathAndQueryParameters" time="1.347" errors="0" timestamp="2024-10-17T16:53:11 IST" skipped="0">
  <testcase classname="rest.assured.day3.PathAndQueryParameters" name="testPathAndQueryParameters" time="1.347"/>
</testsuite> <!-- rest.assured.day3.PathAndQueryParameters -->
